<?xml version="1.0" encoding="UTF-8"?>
<testng-results ignored="0" total="1" passed="1" failed="0" skipped="0">
  <reporter-output>
  </reporter-output>
  <suite started-at="2025-01-10T13:36:16 IST" name="Default suite" finished-at="2025-01-10T13:36:16 IST" duration-ms="503">
    <groups>
    </groups>
    <test started-at="2025-01-10T13:36:16 IST" name="Default test" finished-at="2025-01-10T13:36:16 IST" duration-ms="503">
      <class name="Demo.DemoTask">
        <test-method signature="DemoTesting1()[pri:0, instance:Demo.DemoTask@3cebbb30]" started-at="2025-01-10T13:36:16 IST" name="DemoTesting1" finished-at="2025-01-10T13:36:16 IST" duration-ms="476" status="PASS">
          <reporter-output>
          </reporter-output>
        </test-method> <!-- DemoTesting1 -->
      </class> <!-- Demo.DemoTask -->
    </test> <!-- Default test -->
  </suite> <!-- Default suite -->
</testng-results>
