<?xml version="1.0" encoding="UTF-8"?>
<testng-results ignored="0" total="1" passed="1" failed="0" skipped="0">
  <reporter-output>
    <line>
      <![CDATA[Getting ReportConnection Successfully]]>
    </line>
    <line>
      <![CDATA[Test Runner Successfully]]>
    </line>
    <line>
      <![CDATA[Browser Launch Successfully]]>
    </line>
    <line>
      <![CDATA[Browser navigate Successfully]]>
    </line>
    <line>
      <![CDATA[Browser maximize Successfully]]>
    </line>
    <line>
      <![CDATA[clicked on my account hearder link successful]]>
    </line>
    <line>
      <![CDATA[clicked on login account hearder link successful]]>
    </line>
    <line>
      <![CDATA[Login Successfully]]>
    </line>
    <line>
      <![CDATA[MP3_Players_product Added]]>
    </line>
    <line>
      <![CDATA[logout Successfully]]>
    </line>
    <line>
      <![CDATA[Browser terminate Successfully]]>
    </line>
    <line>
      <![CDATA[terminate Test Runner Successfully]]>
    </line>
    <line>
      <![CDATA[Terminate ReportConnection Successfully]]>
    </line>
  </reporter-output>
  <suite started-at="2025-01-28T13:09:08 IST" name="Suite" finished-at="2025-01-28T13:09:27 IST" duration-ms="19229">
    <groups>
    </groups>
    <test started-at="2025-01-28T13:09:08 IST" name="Test" finished-at="2025-01-28T13:09:27 IST" duration-ms="19229">
      <class name="org.QAfoxProject.MP3Players.MP3Players_test15_test">
        <test-method is-config="true" signature="getReportConnection()[pri:0, instance:org.QAfoxProject.MP3Players.MP3Players_test15_test@71ba6d4e]" started-at="2025-01-28T13:09:08 IST" name="getReportConnection" finished-at="2025-01-28T13:09:08 IST" duration-ms="212" status="PASS">
          <reporter-output>
            <line>
              <![CDATA[Getting ReportConnection Successfully]]>
            </line>
          </reporter-output>
        </test-method> <!-- getReportConnection -->
        <test-method is-config="true" signature="getTestRunnerConnection()[pri:0, instance:org.QAfoxProject.MP3Players.MP3Players_test15_test@71ba6d4e]" started-at="2025-01-28T13:09:08 IST" name="getTestRunnerConnection" finished-at="2025-01-28T13:09:08 IST" duration-ms="1" status="PASS">
          <reporter-output>
            <line>
              <![CDATA[Test Runner Successfully]]>
            </line>
          </reporter-output>
        </test-method> <!-- getTestRunnerConnection -->
        <test-method is-config="true" signature="browserSetup()[pri:0, instance:org.QAfoxProject.MP3Players.MP3Players_test15_test@71ba6d4e]" started-at="2025-01-28T13:09:08 IST" name="browserSetup" finished-at="2025-01-28T13:09:18 IST" duration-ms="9860" status="PASS">
          <reporter-output>
            <line>
              <![CDATA[Browser Launch Successfully]]>
            </line>
            <line>
              <![CDATA[Browser navigate Successfully]]>
            </line>
            <line>
              <![CDATA[Browser maximize Successfully]]>
            </line>
            <line>
              <![CDATA[clicked on my account hearder link successful]]>
            </line>
            <line>
              <![CDATA[clicked on login account hearder link successful]]>
            </line>
          </reporter-output>
        </test-method> <!-- browserSetup -->
        <test-method is-config="true" signature="login()[pri:0, instance:org.QAfoxProject.MP3Players.MP3Players_test15_test@71ba6d4e]" started-at="2025-01-28T13:09:18 IST" name="login" finished-at="2025-01-28T13:09:19 IST" duration-ms="885" status="PASS">
          <reporter-output>
            <line>
              <![CDATA[Login Successfully]]>
            </line>
          </reporter-output>
        </test-method> <!-- login -->
        <test-method signature="addproduct_MP3players()[pri:0, instance:org.QAfoxProject.MP3Players.MP3Players_test15_test@71ba6d4e]" started-at="2025-01-28T13:09:19 IST" name="addproduct_MP3players" finished-at="2025-01-28T13:09:24 IST" duration-ms="5328" status="PASS">
          <reporter-output>
            <line>
              <![CDATA[MP3_Players_product Added]]>
            </line>
          </reporter-output>
        </test-method> <!-- addproduct_MP3players -->
        <test-method is-config="true" signature="logout()[pri:0, instance:org.QAfoxProject.MP3Players.MP3Players_test15_test@71ba6d4e]" started-at="2025-01-28T13:09:24 IST" name="logout" finished-at="2025-01-28T13:09:27 IST" duration-ms="2925" status="PASS">
          <reporter-output>
            <line>
              <![CDATA[logout Successfully]]>
            </line>
          </reporter-output>
        </test-method> <!-- logout -->
        <test-method is-config="true" signature="browserTermination()[pri:0, instance:org.QAfoxProject.MP3Players.MP3Players_test15_test@71ba6d4e]" started-at="2025-01-28T13:09:27 IST" name="browserTermination" finished-at="2025-01-28T13:09:27 IST" duration-ms="193" status="PASS">
          <reporter-output>
            <line>
              <![CDATA[Browser terminate Successfully]]>
            </line>
          </reporter-output>
        </test-method> <!-- browserTermination -->
        <test-method is-config="true" signature="terminateTestRunnerConnection()[pri:0, instance:org.QAfoxProject.MP3Players.MP3Players_test15_test@71ba6d4e]" started-at="2025-01-28T13:09:27 IST" name="terminateTestRunnerConnection" finished-at="2025-01-28T13:09:27 IST" duration-ms="1" status="PASS">
          <reporter-output>
            <line>
              <![CDATA[terminate Test Runner Successfully]]>
            </line>
          </reporter-output>
        </test-method> <!-- terminateTestRunnerConnection -->
        <test-method is-config="true" signature="terminationReportConnection()[pri:0, instance:org.QAfoxProject.MP3Players.MP3Players_test15_test@71ba6d4e]" started-at="2025-01-28T13:09:27 IST" name="terminationReportConnection" finished-at="2025-01-28T13:09:27 IST" duration-ms="233" status="PASS">
          <reporter-output>
            <line>
              <![CDATA[Terminate ReportConnection Successfully]]>
            </line>
          </reporter-output>
        </test-method> <!-- terminationReportConnection -->
      </class> <!-- org.QAfoxProject.MP3Players.MP3Players_test15_test -->
    </test> <!-- Test -->
  </suite> <!-- Suite -->
</testng-results>
